<?xml version="1.0" encoding="UTF-8"?>
<testsuite name="com.roman.calc.calc.CalculatorTest" tests="1" skipped="0" failures="0" errors="0" timestamp="2017-10-02T12:27:27" hostname="hawk.moscow.ru.ibm.com" time="0.0">
  <properties/>
  <testcase name="testSum" classname="com.roman.calc.calc.CalculatorTest" time="0.0"/>
  <system-out><![CDATA[]]></system-out>
  <system-err><![CDATA[]]></system-err>
</testsuite>
